[2013-12-08 03:10:47] Trying to get data from http://letsdeal.se/deal/3939206
[2013-12-08 03:11:08] Received content from  http://letsdeal.se/deal/3939206
[2013-12-08 03:12:11] Trying to get data from http://letsdeal.se/deal/3939206
[2013-12-08 03:12:12] Received content from  http://letsdeal.se/deal/3939206
[2013-12-08 03:45:07] Trying to get data from http://letsdeal.se/mfeed.php
[2013-12-08 03:45:09] Received content from  http://letsdeal.se/mfeed.php
[2013-12-08 03:45:09] Successful XML parsing of the document from http://letsdeal.se/mfeed.php
[2013-12-08 03:45:09] Trying to get data from http://letsdeal.se/deal/3939206
[2013-12-08 03:45:11] Received content from  http://letsdeal.se/deal/3939206
[2013-12-08 03:47:06] Trying to get data from http://letsdeal.se/deal/3939206
[2013-12-08 03:47:07] Received content from  http://letsdeal.se/deal/3939206
[2013-12-08 03:47:16] Trying to get data from http://letsdeal.se/deal/3939206
[2013-12-08 03:47:18] Received content from  http://letsdeal.se/deal/3939206
[2013-12-08 03:49:08] Trying to get data from http://letsdeal.se/deal/3939206
[2013-12-08 03:49:09] Received content from  http://letsdeal.se/deal/3939206
[2013-12-08 03:50:25] Trying to get data from http://letsdeal.se/deal/3939206
[2013-12-08 03:50:30] Received content from  http://letsdeal.se/deal/3939206
[2013-12-08 03:50:51] Trying to get data from http://letsdeal.se/deal/3939206
[2013-12-08 03:50:54] Received content from  http://letsdeal.se/deal/3939206
[2013-12-08 03:51:25] Trying to get data from http://letsdeal.se/deal/3939206
[2013-12-08 03:51:26] Received content from  http://letsdeal.se/deal/3939206
[2013-12-08 03:52:09] Trying to get data from http://letsdeal.se/deal/3939206
[2013-12-08 03:52:11] Received content from  http://letsdeal.se/deal/3939206
[2013-12-08 03:52:25] Trying to get data from http://letsdeal.se/deal/3939206
[2013-12-08 03:52:26] Received content from  http://letsdeal.se/deal/3939206
[2013-12-08 03:52:30] Trying to get data from http://letsdeal.se/deal/3939206
[2013-12-08 03:52:31] Received content from  http://letsdeal.se/deal/3939206
[2013-12-08 03:52:47] Trying to get data from http://letsdeal.se/deal/3939206
[2013-12-08 03:52:49] Received content from  http://letsdeal.se/deal/3939206
[2013-12-08 03:53:22] Trying to get data from http://letsdeal.se/deal/3939206
[2013-12-08 03:53:23] Received content from  http://letsdeal.se/deal/3939206
[2013-12-08 03:53:31] Trying to get data from http://letsdeal.se/deal/3939206
[2013-12-08 03:53:34] Received content from  http://letsdeal.se/deal/3939206
[2013-12-08 03:54:05] Trying to get data from http://letsdeal.se/deal/3939206
[2013-12-08 03:54:09] Received content from  http://letsdeal.se/deal/3939206
[2013-12-08 03:54:31] Trying to get data from http://letsdeal.se/deal/3939206
[2013-12-08 03:54:32] Received content from  http://letsdeal.se/deal/3939206
[2013-12-08 03:54:48] Trying to get data from http://letsdeal.se/deal/3939206
[2013-12-08 03:54:50] Received content from  http://letsdeal.se/deal/3939206
[2013-12-08 04:02:29] Trying to get data from http://letsdeal.se/deal/3939206
[2013-12-08 04:02:30] Received content from  http://letsdeal.se/deal/3939206
[2013-12-08 04:03:05] Trying to get data from http://letsdeal.se/deal/3939206
[2013-12-08 04:03:07] Received content from  http://letsdeal.se/deal/3939206
[2013-12-08 04:03:21] Trying to get data from http://letsdeal.se/deal/3939206
[2013-12-08 04:03:22] Received content from  http://letsdeal.se/deal/3939206
[2013-12-08 04:04:46] Trying to get data from http://letsdeal.se/deal/3939206
[2013-12-08 04:04:47] Received content from  http://letsdeal.se/deal/3939206
[2013-12-08 04:05:28] Trying to get data from http://letsdeal.se/deal/3939206
[2013-12-08 04:05:28] Received content from  http://letsdeal.se/deal/3939206
[2013-12-08 04:10:01] Trying to get data from http://letsdeal.se/deal/3939206
[2013-12-08 04:10:06] Received content from  http://letsdeal.se/deal/3939206
[2013-12-08 04:10:18] Trying to get data from http://letsdeal.se/deal/3939206
[2013-12-08 04:10:19] Received content from  http://letsdeal.se/deal/3939206
[2013-12-08 04:10:27] Trying to get data from http://letsdeal.se/deal/3939206
[2013-12-08 04:10:28] Received content from  http://letsdeal.se/deal/3939206
[2013-12-08 04:11:21] Trying to get data from http://letsdeal.se/deal/3939206
[2013-12-08 04:11:23] Received content from  http://letsdeal.se/deal/3939206
[2013-12-08 04:12:28] Trying to get data from http://letsdeal.se/deal/3939206
[2013-12-08 04:12:29] Received content from  http://letsdeal.se/deal/3939206
[2013-12-08 04:13:09] Trying to get data from http://letsdeal.se/deal/3939206
[2013-12-08 04:13:10] Received content from  http://letsdeal.se/deal/3939206
[2013-12-08 04:13:30] Trying to get data from http://letsdeal.se/deal/3939206
[2013-12-08 04:13:31] Received content from  http://letsdeal.se/deal/3939206
[2013-12-08 04:13:47] Trying to get data from http://letsdeal.se/deal/3939206
[2013-12-08 04:13:47] Received content from  http://letsdeal.se/deal/3939206
[2013-12-08 04:16:01] Trying to get data from http://letsdeal.se/mfeed.php
[2013-12-08 04:16:03] Received content from  http://letsdeal.se/mfeed.php
[2013-12-08 04:16:03] Successful XML parsing of the document from http://letsdeal.se/mfeed.php
[2013-12-08 04:16:03] Trying to get data from http://letsdeal.se/deal/3939206
[2013-12-08 04:16:05] Received content from  http://letsdeal.se/deal/3939206
[2013-12-08 04:16:32] Trying to get data from http://letsdeal.se/deal/3939206
[2013-12-08 04:16:33] Received content from  http://letsdeal.se/deal/3939206
[2013-12-08 04:17:54] Trying to get data from http://letsdeal.se/deal/3939206
[2013-12-08 04:17:56] Received content from  http://letsdeal.se/deal/3939206
[2013-12-08 04:18:08] Trying to get data from http://letsdeal.se/deal/3939206
[2013-12-08 04:18:09] Received content from  http://letsdeal.se/deal/3939206
[2013-12-08 04:18:20] Trying to get data from http://letsdeal.se/deal/3939206
[2013-12-08 04:18:21] Received content from  http://letsdeal.se/deal/3939206
[2013-12-08 04:19:12] Trying to get data from http://letsdeal.se/deal/3939206
[2013-12-08 04:19:13] Received content from  http://letsdeal.se/deal/3939206
[2013-12-08 04:21:51] Trying to get data from http://letsdeal.se/deal/3939206
[2013-12-08 04:21:52] Received content from  http://letsdeal.se/deal/3939206
[2013-12-08 04:22:23] Trying to get data from http://letsdeal.se/deal/3939206
[2013-12-08 04:22:23] Received content from  http://letsdeal.se/deal/3939206
[2013-12-08 04:22:33] Trying to get data from http://letsdeal.se/deal/3939206
[2013-12-08 04:22:33] Received content from  http://letsdeal.se/deal/3939206
[2013-12-08 04:22:50] Trying to get data from http://letsdeal.se/deal/8537282
[2013-12-08 04:22:52] Received content from  http://letsdeal.se/deal/8537282
[2013-12-08 04:23:39] Trying to get data from http://letsdeal.se/deal/8537282
[2013-12-08 04:23:40] Received content from  http://letsdeal.se/deal/8537282
[2013-12-09 03:34:45] Trying to get data from http://letsdeal.se/mfeed.php
[2013-12-09 03:34:48] Received content from  http://letsdeal.se/mfeed.php
[2013-12-09 03:34:48] Successful XML parsing of the document from http://letsdeal.se/mfeed.php
[2013-12-09 03:34:48] Trying to get data from http://letsdeal.se/deal/1185577
[2013-12-09 03:34:49] Received content from  http://letsdeal.se/deal/1185577
[2013-12-09 03:34:54] Trying to get data from http://letsdeal.se/deal/1185577
[2013-12-09 03:34:55] Received content from  http://letsdeal.se/deal/1185577
[2013-12-09 03:34:59] Trying to get data from http://letsdeal.se/deal/1185577
[2013-12-09 03:35:20] Received content from  http://letsdeal.se/deal/1185577
[2013-12-09 03:38:05] Trying to get data from http://letsdeal.se/deal/1185577
[2013-12-09 03:38:09] Received content from  http://letsdeal.se/deal/1185577
[2013-12-09 03:38:29] Trying to get data from http://letsdeal.se/deal/1185577
[2013-12-09 03:38:31] Trying to get data from http://letsdeal.se/deal/1185577
[2013-12-09 03:38:32] Received content from  http://letsdeal.se/deal/1185577
[2013-12-09 03:38:33] Received content from  http://letsdeal.se/deal/1185577
[2013-12-09 03:38:54] Trying to get data from http://letsdeal.se/deal/1185577
[2013-12-09 03:38:56] Received content from  http://letsdeal.se/deal/1185577
[2013-12-09 03:53:33] Trying to get data from http://letsdeal.se/deal/5266941
[2013-12-09 03:53:40] Received content from  http://letsdeal.se/deal/5266941
[2013-12-09 03:55:00] Trying to get data from http://letsdeal.se/deal/3273732
[2013-12-09 03:55:13] Trying to get data from http://letsdeal.se/deal/3273732
[2013-12-09 03:55:14] Received content from  http://letsdeal.se/deal/3273732
[2013-12-09 03:55:21] Received content from  http://letsdeal.se/deal/3273732
[2013-12-09 03:55:31] Trying to get data from http://letsdeal.se/deal/6086673
[2013-12-09 03:55:32] Received content from  http://letsdeal.se/deal/6086673
[2013-12-09 03:56:01] Trying to get data from http://letsdeal.se/deal/3263585
[2013-12-09 03:56:14] Received content from  http://letsdeal.se/deal/3263585
[2013-12-09 04:00:47] Trying to get data from http://letsdeal.se/deal/3273732
[2013-12-09 04:00:48] Received content from  http://letsdeal.se/deal/3273732
[2013-12-09 04:01:44] Trying to get data from http://letsdeal.se/deal/3273732
[2013-12-09 04:01:46] Received content from  http://letsdeal.se/deal/3273732
[2013-12-09 04:02:15] Trying to get data from http://letsdeal.se/deal/3273732
[2013-12-09 04:02:17] Received content from  http://letsdeal.se/deal/3273732
[2013-12-09 04:03:16] Trying to get data from http://letsdeal.se/deal/3273732
[2013-12-09 04:03:18] Received content from  http://letsdeal.se/deal/3273732
[2013-12-09 04:04:09] Trying to get data from http://letsdeal.se/deal/5266941
[2013-12-09 04:04:10] Received content from  http://letsdeal.se/deal/5266941
[2013-12-09 04:04:22] Trying to get data from http://letsdeal.se/deal/5266941
[2013-12-09 04:04:23] Received content from  http://letsdeal.se/deal/5266941
[2013-12-09 04:04:44] Trying to get data from http://letsdeal.se/deal/5266941
[2013-12-09 04:04:44] Received content from  http://letsdeal.se/deal/5266941
[2013-12-09 04:04:50] Trying to get data from http://letsdeal.se/mfeed.php
[2013-12-09 04:04:51] Received content from  http://letsdeal.se/mfeed.php
[2013-12-09 04:04:51] Successful XML parsing of the document from http://letsdeal.se/mfeed.php
[2013-12-09 04:04:51] Trying to get data from http://letsdeal.se/deal/3263585
[2013-12-09 04:04:52] Received content from  http://letsdeal.se/deal/3263585
[2013-12-09 04:05:11] Trying to get data from http://letsdeal.se/deal/3263585
[2013-12-09 04:05:12] Received content from  http://letsdeal.se/deal/3263585
[2013-12-09 04:05:32] Trying to get data from http://letsdeal.se/deal/3273732
[2013-12-09 04:05:32] Received content from  http://letsdeal.se/deal/3273732
[2013-12-09 04:06:57] Trying to get data from http://letsdeal.se/deal/7534517
[2013-12-09 04:06:58] Received content from  http://letsdeal.se/deal/7534517
[2013-12-09 04:11:14] Trying to get data from http://letsdeal.se/deal/7471084
[2013-12-09 04:11:16] Received content from  http://letsdeal.se/deal/7471084
[2013-12-09 04:14:59] Trying to get data from http://letsdeal.se/deal/6592397
[2013-12-09 04:15:00] Received content from  http://letsdeal.se/deal/6592397
[2013-12-09 04:19:08] Trying to get data from http://letsdeal.se/deal/3440245
[2013-12-09 04:19:09] Received content from  http://letsdeal.se/deal/3440245
[2013-12-09 04:19:16] Trying to get data from http://letsdeal.se/deal/9386553
[2013-12-09 04:19:18] Received content from  http://letsdeal.se/deal/9386553
[2013-12-09 04:19:30] Trying to get data from http://letsdeal.se/deal/2871207
[2013-12-09 04:19:31] Received content from  http://letsdeal.se/deal/2871207
[2013-12-09 04:19:35] Trying to get data from http://letsdeal.se/deal/7060993
[2013-12-09 04:19:35] Received content from  http://letsdeal.se/deal/7060993
[2013-12-09 04:20:48] Trying to get data from http://letsdeal.se/deal/2441175
[2013-12-09 04:20:49] Received content from  http://letsdeal.se/deal/2441175
[2013-12-09 04:20:58] Trying to get data from http://letsdeal.se/deal/9126892
[2013-12-09 04:20:59] Received content from  http://letsdeal.se/deal/9126892
[2013-12-09 04:21:07] Trying to get data from http://letsdeal.se/deal/7131567
[2013-12-09 04:21:08] Received content from  http://letsdeal.se/deal/7131567
[2013-12-09 04:21:15] Trying to get data from http://letsdeal.se/deal/4333543
[2013-12-09 04:21:17] Received content from  http://letsdeal.se/deal/4333543
[2013-12-09 04:24:45] Trying to get data from http://letsdeal.se/deal/6862043
[2013-12-09 04:24:46] Received content from  http://letsdeal.se/deal/6862043
[2013-12-09 04:24:46] Trying to get data from http://letsdeal.se/deal/7280456
[2013-12-09 04:24:46] Received content from  http://letsdeal.se/deal/7280456
[2013-12-09 04:24:46] Trying to get data from http://letsdeal.se/deal/8385081
[2013-12-09 04:24:47] Received content from  http://letsdeal.se/deal/8385081
[2013-12-09 04:24:47] Trying to get data from http://letsdeal.se/deal/7477144
[2013-12-09 04:24:48] Received content from  http://letsdeal.se/deal/7477144
[2013-12-09 04:24:48] Trying to get data from http://letsdeal.se/deal/9118885
[2013-12-09 04:24:50] Received content from  http://letsdeal.se/deal/9118885
[2013-12-09 04:24:50] Trying to get data from http://letsdeal.se/deal/6165668
[2013-12-09 04:24:51] Received content from  http://letsdeal.se/deal/6165668
[2013-12-09 04:24:51] Trying to get data from http://letsdeal.se/deal/4380718
[2013-12-09 04:24:52] Received content from  http://letsdeal.se/deal/4380718
[2013-12-09 04:24:52] Trying to get data from http://letsdeal.se/deal/7665166
[2013-12-09 04:24:53] Received content from  http://letsdeal.se/deal/7665166
[2013-12-09 04:24:53] Trying to get data from http://letsdeal.se/deal/2595947
[2013-12-09 04:24:54] Received content from  http://letsdeal.se/deal/2595947
[2013-12-09 04:24:54] Trying to get data from http://letsdeal.se/deal/7306387
[2013-12-09 04:24:55] Received content from  http://letsdeal.se/deal/7306387
[2013-12-09 04:24:55] Trying to get data from http://letsdeal.se/deal/4229149
[2013-12-09 04:24:56] Received content from  http://letsdeal.se/deal/4229149
[2013-12-09 04:24:56] Trying to get data from http://letsdeal.se/deal/8233265
[2013-12-09 04:24:58] Received content from  http://letsdeal.se/deal/8233265
[2013-12-09 04:24:58] Trying to get data from http://letsdeal.se/deal/6930768
[2013-12-09 04:25:00] Received content from  http://letsdeal.se/deal/6930768
[2013-12-09 04:25:00] Trying to get data from http://letsdeal.se/deal/7017471
[2013-12-09 04:25:02] Received content from  http://letsdeal.se/deal/7017471
[2013-12-09 04:25:02] Trying to get data from http://letsdeal.se/deal/2068266
[2013-12-09 04:25:04] Received content from  http://letsdeal.se/deal/2068266
[2013-12-09 04:25:04] Trying to get data from http://letsdeal.se/deal/9861663
[2013-12-09 04:25:06] Received content from  http://letsdeal.se/deal/9861663
[2013-12-09 04:25:06] Trying to get data from http://letsdeal.se/deal/2979173
[2013-12-09 04:25:10] Received content from  http://letsdeal.se/deal/2979173
[2013-12-09 04:25:10] Trying to get data from http://letsdeal.se/deal/3998224
[2013-12-09 04:25:12] Received content from  http://letsdeal.se/deal/3998224
[2013-12-09 04:25:12] Trying to get data from http://letsdeal.se/deal/4019566
[2013-12-09 04:25:14] Received content from  http://letsdeal.se/deal/4019566
[2013-12-09 04:25:14] Trying to get data from http://letsdeal.se/deal/3484769
[2013-12-09 04:25:15] Received content from  http://letsdeal.se/deal/3484769
[2013-12-09 04:25:15] Trying to get data from http://letsdeal.se/deal/4162489
[2013-12-09 04:25:17] Received content from  http://letsdeal.se/deal/4162489
[2013-12-09 04:25:17] Trying to get data from http://letsdeal.se/deal/1613323
[2013-12-09 04:25:19] Received content from  http://letsdeal.se/deal/1613323
[2013-12-09 04:25:19] Trying to get data from http://letsdeal.se/deal/2190741
[2013-12-09 04:25:20] Received content from  http://letsdeal.se/deal/2190741
[2013-12-09 04:25:20] Trying to get data from http://letsdeal.se/deal/6543011
[2013-12-09 04:25:22] Received content from  http://letsdeal.se/deal/6543011
[2013-12-09 04:25:22] Trying to get data from http://letsdeal.se/deal/6496980
[2013-12-09 04:25:23] Received content from  http://letsdeal.se/deal/6496980
[2013-12-09 04:25:23] Trying to get data from http://letsdeal.se/deal/5958469
[2013-12-09 04:25:25] Received content from  http://letsdeal.se/deal/5958469
[2013-12-09 04:25:25] Trying to get data from http://letsdeal.se/deal/3846592
[2013-12-09 04:25:26] Received content from  http://letsdeal.se/deal/3846592
[2013-12-09 04:25:26] Trying to get data from http://letsdeal.se/deal/9169971
[2013-12-09 04:25:27] Received content from  http://letsdeal.se/deal/9169971
[2013-12-09 04:25:27] Trying to get data from http://letsdeal.se/deal/7773864
[2013-12-09 04:25:28] Received content from  http://letsdeal.se/deal/7773864
[2013-12-09 04:25:28] Trying to get data from http://letsdeal.se/deal/5571235
[2013-12-09 04:25:29] Received content from  http://letsdeal.se/deal/5571235
[2013-12-09 04:25:29] Trying to get data from http://letsdeal.se/deal/4342613
[2013-12-09 04:25:30] Received content from  http://letsdeal.se/deal/4342613
[2013-12-09 04:25:30] Trying to get data from http://letsdeal.se/deal/4091791
[2013-12-09 04:25:30] Received content from  http://letsdeal.se/deal/4091791
[2013-12-09 04:25:30] Trying to get data from http://letsdeal.se/deal/6136209
[2013-12-09 04:25:31] Received content from  http://letsdeal.se/deal/6136209
[2013-12-09 04:25:31] Trying to get data from http://letsdeal.se/deal/5584446
[2013-12-09 04:25:32] Received content from  http://letsdeal.se/deal/5584446
[2013-12-09 04:25:32] Trying to get data from http://letsdeal.se/deal/6647404
[2013-12-09 04:25:32] Received content from  http://letsdeal.se/deal/6647404
[2013-12-09 04:25:32] Trying to get data from http://letsdeal.se/deal/1312298
[2013-12-09 04:25:33] Received content from  http://letsdeal.se/deal/1312298
[2013-12-09 04:25:33] Trying to get data from http://letsdeal.se/deal/5428557
[2013-12-09 04:25:33] Received content from  http://letsdeal.se/deal/5428557
[2013-12-09 04:25:33] Trying to get data from http://letsdeal.se/deal/9163343
[2013-12-09 04:25:34] Received content from  http://letsdeal.se/deal/9163343
[2013-12-09 04:25:34] Trying to get data from http://letsdeal.se/deal/1271241
[2013-12-09 04:25:35] Received content from  http://letsdeal.se/deal/1271241
[2013-12-09 04:25:35] Trying to get data from http://letsdeal.se/deal/6425309
[2013-12-09 04:25:35] Received content from  http://letsdeal.se/deal/6425309
[2013-12-09 04:25:35] Trying to get data from http://letsdeal.se/deal/9719066
[2013-12-09 04:25:36] Received content from  http://letsdeal.se/deal/9719066
[2013-12-09 04:25:36] Trying to get data from http://letsdeal.se/deal/3208237
[2013-12-09 04:25:37] Received content from  http://letsdeal.se/deal/3208237
[2013-12-09 04:25:37] Trying to get data from http://letsdeal.se/deal/2024630
[2013-12-09 04:25:37] Received content from  http://letsdeal.se/deal/2024630
[2013-12-09 04:25:37] Trying to get data from http://letsdeal.se/deal/8206129
[2013-12-09 04:25:38] Received content from  http://letsdeal.se/deal/8206129
[2013-12-09 04:25:38] Trying to get data from http://letsdeal.se/deal/9438606
[2013-12-09 04:25:39] Received content from  http://letsdeal.se/deal/9438606
[2013-12-09 04:25:39] Trying to get data from http://letsdeal.se/deal/1294022
[2013-12-09 04:25:39] Received content from  http://letsdeal.se/deal/1294022
[2013-12-09 04:25:39] Trying to get data from http://letsdeal.se/deal/9639196
[2013-12-09 04:25:40] Received content from  http://letsdeal.se/deal/9639196
[2013-12-09 04:25:40] Trying to get data from http://letsdeal.se/deal/1954384
[2013-12-09 04:25:41] Received content from  http://letsdeal.se/deal/1954384
[2013-12-09 04:25:41] Trying to get data from http://letsdeal.se/deal/1360171
[2013-12-09 04:25:42] Received content from  http://letsdeal.se/deal/1360171
[2013-12-09 04:25:42] Trying to get data from http://letsdeal.se/deal/9208927
[2013-12-09 04:25:42] Received content from  http://letsdeal.se/deal/9208927
[2013-12-09 04:25:42] Trying to get data from http://letsdeal.se/deal/8537282
[2013-12-09 04:25:43] Received content from  http://letsdeal.se/deal/8537282
[2013-12-09 04:25:43] Trying to get data from http://letsdeal.se/deal/5947616
[2013-12-09 04:25:44] Received content from  http://letsdeal.se/deal/5947616
[2013-12-09 04:25:44] Trying to get data from http://letsdeal.se/deal/5937994
[2013-12-09 04:25:44] Received content from  http://letsdeal.se/deal/5937994
[2013-12-09 04:25:44] Trying to get data from http://letsdeal.se/deal/5847925
[2013-12-09 04:25:45] Received content from  http://letsdeal.se/deal/5847925
[2013-12-09 04:25:45] Trying to get data from http://letsdeal.se/deal/5702371
[2013-12-09 04:25:46] Received content from  http://letsdeal.se/deal/5702371
[2013-12-09 04:25:46] Trying to get data from http://letsdeal.se/deal/7964795
[2013-12-09 04:25:46] Received content from  http://letsdeal.se/deal/7964795
[2013-12-09 04:25:46] Trying to get data from http://letsdeal.se/deal/3690839
[2013-12-09 04:25:47] Received content from  http://letsdeal.se/deal/3690839
[2013-12-09 04:25:47] Trying to get data from http://letsdeal.se/deal/6930823
[2013-12-09 04:25:48] Received content from  http://letsdeal.se/deal/6930823
[2013-12-09 04:25:48] Trying to get data from http://letsdeal.se/deal/8081231
[2013-12-09 04:25:48] Received content from  http://letsdeal.se/deal/8081231
[2013-12-09 04:25:48] Trying to get data from http://letsdeal.se/deal/5789063
[2013-12-09 04:25:49] Received content from  http://letsdeal.se/deal/5789063
[2013-12-09 04:25:49] Trying to get data from http://letsdeal.se/deal/6555268
[2013-12-09 04:25:50] Received content from  http://letsdeal.se/deal/6555268
[2013-12-09 04:25:50] Trying to get data from http://letsdeal.se/deal/6446835
[2013-12-09 04:25:51] Received content from  http://letsdeal.se/deal/6446835
[2013-12-09 04:25:51] Trying to get data from http://letsdeal.se/deal/9870242
[2013-12-09 04:25:51] Received content from  http://letsdeal.se/deal/9870242
[2013-12-09 04:25:51] Trying to get data from http://letsdeal.se/deal/4124355
[2013-12-09 04:25:52] Received content from  http://letsdeal.se/deal/4124355
[2013-12-09 04:25:52] Trying to get data from http://letsdeal.se/deal/4646421
[2013-12-09 04:25:53] Received content from  http://letsdeal.se/deal/4646421
[2013-12-09 04:25:53] Trying to get data from http://letsdeal.se/deal/9214797
[2013-12-09 04:25:53] Received content from  http://letsdeal.se/deal/9214797
[2013-12-09 04:25:53] Trying to get data from http://letsdeal.se/deal/7260013
[2013-12-09 04:25:54] Received content from  http://letsdeal.se/deal/7260013
[2013-12-09 04:25:54] Trying to get data from http://letsdeal.se/deal/9160232
[2013-12-09 04:25:54] Received content from  http://letsdeal.se/deal/9160232
[2013-12-09 04:25:54] Trying to get data from http://letsdeal.se/deal/4595057
[2013-12-09 04:25:55] Received content from  http://letsdeal.se/deal/4595057
[2013-12-09 04:25:55] Trying to get data from http://letsdeal.se/deal/7048317
[2013-12-09 04:25:56] Received content from  http://letsdeal.se/deal/7048317
[2013-12-09 04:25:56] Trying to get data from http://letsdeal.se/deal/5601684
[2013-12-09 04:25:56] Received content from  http://letsdeal.se/deal/5601684
[2013-12-09 04:25:56] Trying to get data from http://letsdeal.se/deal/6538872
[2013-12-09 04:25:57] Received content from  http://letsdeal.se/deal/6538872
[2013-12-09 04:25:57] Trying to get data from http://letsdeal.se/deal/1496504
[2013-12-09 04:25:58] Received content from  http://letsdeal.se/deal/1496504
[2013-12-09 04:25:58] Trying to get data from http://letsdeal.se/deal/5927463
[2013-12-09 04:25:59] Received content from  http://letsdeal.se/deal/5927463
[2013-12-09 04:25:59] Trying to get data from http://letsdeal.se/deal/3749925
[2013-12-09 04:26:01] Received content from  http://letsdeal.se/deal/3749925
[2013-12-09 04:26:01] Trying to get data from http://letsdeal.se/deal/8418683
[2013-12-09 04:26:03] Received content from  http://letsdeal.se/deal/8418683
[2013-12-09 04:26:03] Trying to get data from http://letsdeal.se/deal/2303047
[2013-12-09 04:26:05] Received content from  http://letsdeal.se/deal/2303047
[2013-12-09 04:26:05] Trying to get data from http://letsdeal.se/deal/7236586
[2013-12-09 04:26:07] Received content from  http://letsdeal.se/deal/7236586
[2013-12-09 04:26:07] Trying to get data from http://letsdeal.se/deal/7468081
[2013-12-09 04:26:09] Received content from  http://letsdeal.se/deal/7468081
[2013-12-09 04:26:09] Trying to get data from http://letsdeal.se/deal/2882565
[2013-12-09 04:26:11] Received content from  http://letsdeal.se/deal/2882565
[2013-12-09 04:26:11] Trying to get data from http://letsdeal.se/deal/7911030
[2013-12-09 04:26:12] Received content from  http://letsdeal.se/deal/7911030
[2013-12-09 04:26:12] Trying to get data from http://letsdeal.se/deal/5515939
[2013-12-09 04:26:14] Received content from  http://letsdeal.se/deal/5515939
[2013-12-09 04:26:14] Trying to get data from http://letsdeal.se/deal/9710148
[2013-12-09 04:26:16] Received content from  http://letsdeal.se/deal/9710148
[2013-12-09 04:26:16] Trying to get data from http://letsdeal.se/deal/7178520
[2013-12-09 04:26:17] Received content from  http://letsdeal.se/deal/7178520
[2013-12-09 04:26:17] Trying to get data from http://letsdeal.se/deal/4859867
[2013-12-09 04:26:19] Received content from  http://letsdeal.se/deal/4859867
[2013-12-09 04:26:19] Trying to get data from http://letsdeal.se/deal/6410893
[2013-12-09 04:26:20] Received content from  http://letsdeal.se/deal/6410893
[2013-12-09 04:26:20] Trying to get data from http://letsdeal.se/deal/5840152
[2013-12-09 04:26:21] Received content from  http://letsdeal.se/deal/5840152
[2013-12-09 04:26:21] Trying to get data from http://letsdeal.se/deal/4842565
[2013-12-09 04:26:23] Received content from  http://letsdeal.se/deal/4842565
[2013-12-09 04:26:23] Trying to get data from http://letsdeal.se/deal/9165062
[2013-12-09 04:26:25] Received content from  http://letsdeal.se/deal/9165062
[2013-12-09 04:26:25] Trying to get data from http://letsdeal.se/deal/6996465
[2013-12-09 04:26:26] Received content from  http://letsdeal.se/deal/6996465
[2013-12-09 04:26:26] Trying to get data from http://letsdeal.se/deal/4311692
[2013-12-09 04:26:27] Received content from  http://letsdeal.se/deal/4311692
[2013-12-09 04:26:27] Trying to get data from http://letsdeal.se/deal/7567307
[2013-12-09 04:26:28] Received content from  http://letsdeal.se/deal/7567307
[2013-12-09 04:26:28] Trying to get data from http://letsdeal.se/deal/1102115
[2013-12-09 04:26:28] Received content from  http://letsdeal.se/deal/1102115
[2013-12-09 04:26:28] Trying to get data from http://letsdeal.se/deal/6504187
[2013-12-09 04:26:29] Received content from  http://letsdeal.se/deal/6504187
[2013-12-09 04:26:29] Trying to get data from http://letsdeal.se/deal/8350298
[2013-12-09 04:26:29] Received content from  http://letsdeal.se/deal/8350298
[2013-12-09 04:26:29] Trying to get data from http://letsdeal.se/deal/8128096
[2013-12-09 04:26:30] Received content from  http://letsdeal.se/deal/8128096
[2013-12-09 04:26:30] Trying to get data from http://letsdeal.se/deal/2766809
[2013-12-09 04:26:30] Received content from  http://letsdeal.se/deal/2766809
[2013-12-09 04:26:31] Trying to get data from http://letsdeal.se/deal/4297456
[2013-12-09 04:26:31] Received content from  http://letsdeal.se/deal/4297456
[2013-12-09 04:26:31] Trying to get data from http://letsdeal.se/deal/7507650
[2013-12-09 04:26:32] Trying to get data from http://letsdeal.se/deal/8672578
[2013-12-09 04:26:32] Received content from  http://letsdeal.se/deal/7507650
[2013-12-09 04:26:32] Trying to get data from http://letsdeal.se/deal/8672578
[2013-12-09 04:26:33] Received content from  http://letsdeal.se/deal/8672578
[2013-12-09 04:26:33] Received content from  http://letsdeal.se/deal/8672578
[2013-12-09 04:26:33] Trying to get data from http://letsdeal.se/deal/8244107
[2013-12-09 04:26:33] Received content from  http://letsdeal.se/deal/8244107
[2013-12-09 04:26:33] Trying to get data from http://letsdeal.se/deal/4474313
[2013-12-09 04:26:34] Received content from  http://letsdeal.se/deal/4474313
[2013-12-09 04:26:34] Trying to get data from http://letsdeal.se/deal/5785703
[2013-12-09 04:26:35] Received content from  http://letsdeal.se/deal/5785703
[2013-12-09 04:26:35] Trying to get data from http://letsdeal.se/deal/7236565
[2013-12-09 04:26:35] Received content from  http://letsdeal.se/deal/7236565
[2013-12-09 04:26:35] Trying to get data from http://letsdeal.se/deal/8099369
[2013-12-09 04:26:36] Received content from  http://letsdeal.se/deal/8099369
[2013-12-09 04:26:36] Trying to get data from http://letsdeal.se/deal/4461847
[2013-12-09 04:26:37] Received content from  http://letsdeal.se/deal/4461847
[2013-12-09 04:26:37] Trying to get data from http://letsdeal.se/deal/7285402
[2013-12-09 04:26:37] Received content from  http://letsdeal.se/deal/7285402
[2013-12-09 04:26:37] Trying to get data from http://letsdeal.se/deal/1027671
[2013-12-09 04:26:38] Received content from  http://letsdeal.se/deal/1027671
[2013-12-09 04:26:38] Trying to get data from http://letsdeal.se/deal/4986935
[2013-12-09 04:26:39] Received content from  http://letsdeal.se/deal/4986935
[2013-12-09 04:26:39] Trying to get data from http://letsdeal.se/deal/6565975
[2013-12-09 04:26:39] Received content from  http://letsdeal.se/deal/6565975
[2013-12-09 04:26:39] Trying to get data from http://letsdeal.se/deal/3978324
[2013-12-09 04:26:40] Received content from  http://letsdeal.se/deal/3978324
[2013-12-09 04:26:40] Trying to get data from http://letsdeal.se/deal/5307016
[2013-12-09 04:26:41] Received content from  http://letsdeal.se/deal/5307016
[2013-12-09 04:26:41] Trying to get data from http://letsdeal.se/deal/1944634
[2013-12-09 04:26:41] Received content from  http://letsdeal.se/deal/1944634
[2013-12-09 04:26:41] Trying to get data from http://letsdeal.se/deal/6262348
[2013-12-09 04:26:42] Received content from  http://letsdeal.se/deal/6262348
[2013-12-09 04:26:42] Trying to get data from http://letsdeal.se/deal/3753596
[2013-12-09 04:26:42] Received content from  http://letsdeal.se/deal/3753596
[2013-12-09 04:26:42] Trying to get data from http://letsdeal.se/deal/4738954
[2013-12-09 04:26:43] Received content from  http://letsdeal.se/deal/4738954
[2013-12-09 04:26:43] Trying to get data from http://letsdeal.se/deal/8504358
[2013-12-09 04:26:44] Received content from  http://letsdeal.se/deal/8504358
[2013-12-09 04:26:44] Trying to get data from http://letsdeal.se/deal/8487528
[2013-12-09 04:26:44] Received content from  http://letsdeal.se/deal/8487528
[2013-12-09 04:26:44] Trying to get data from http://letsdeal.se/deal/7900640
[2013-12-09 04:26:45] Received content from  http://letsdeal.se/deal/7900640
[2013-12-09 04:26:45] Trying to get data from http://letsdeal.se/deal/3414973
[2013-12-09 04:26:45] Received content from  http://letsdeal.se/deal/3414973
[2013-12-09 04:26:45] Trying to get data from http://letsdeal.se/deal/8004450
[2013-12-09 04:26:46] Received content from  http://letsdeal.se/deal/8004450
[2013-12-09 04:26:46] Trying to get data from http://letsdeal.se/deal/6589666
[2013-12-09 04:26:47] Received content from  http://letsdeal.se/deal/6589666
[2013-12-09 04:26:47] Trying to get data from http://letsdeal.se/deal/3325806
[2013-12-09 04:26:47] Received content from  http://letsdeal.se/deal/3325806
[2013-12-09 04:26:47] Trying to get data from http://letsdeal.se/deal/8721377
[2013-12-09 04:26:48] Received content from  http://letsdeal.se/deal/8721377
[2013-12-09 04:26:48] Trying to get data from http://letsdeal.se/deal/4806145
[2013-12-09 04:26:48] Received content from  http://letsdeal.se/deal/4806145
[2013-12-09 04:26:48] Trying to get data from http://letsdeal.se/deal/9809290
[2013-12-09 04:26:49] Received content from  http://letsdeal.se/deal/9809290
[2013-12-09 04:26:49] Trying to get data from http://letsdeal.se/deal/3435874
[2013-12-09 04:26:49] Received content from  http://letsdeal.se/deal/3435874
[2013-12-09 04:26:49] Trying to get data from http://letsdeal.se/deal/8304596
[2013-12-09 04:26:50] Received content from  http://letsdeal.se/deal/8304596
[2013-12-09 04:26:50] Trying to get data from http://letsdeal.se/deal/7086642
[2013-12-09 04:26:50] Received content from  http://letsdeal.se/deal/7086642
[2013-12-09 04:26:50] Trying to get data from http://letsdeal.se/deal/7117301
[2013-12-09 04:26:51] Received content from  http://letsdeal.se/deal/7117301
[2013-12-09 04:26:51] Trying to get data from http://letsdeal.se/deal/5691980
[2013-12-09 04:26:51] Received content from  http://letsdeal.se/deal/5691980
[2013-12-09 04:26:51] Trying to get data from http://letsdeal.se/deal/8908463
[2013-12-09 04:26:52] Received content from  http://letsdeal.se/deal/8908463
[2013-12-09 04:26:52] Trying to get data from http://letsdeal.se/deal/4838113
[2013-12-09 04:26:53] Received content from  http://letsdeal.se/deal/4838113
[2013-12-09 04:26:53] Trying to get data from http://letsdeal.se/deal/3100446
[2013-12-09 04:26:53] Received content from  http://letsdeal.se/deal/3100446
[2013-12-09 04:26:53] Trying to get data from http://letsdeal.se/deal/3979284
[2013-12-09 04:26:54] Received content from  http://letsdeal.se/deal/3979284
[2013-12-09 04:26:54] Trying to get data from http://letsdeal.se/deal/6981972
[2013-12-09 04:26:54] Received content from  http://letsdeal.se/deal/6981972
[2013-12-09 04:26:54] Trying to get data from http://letsdeal.se/deal/4039852
[2013-12-09 04:26:55] Received content from  http://letsdeal.se/deal/4039852
[2013-12-09 04:26:55] Trying to get data from http://letsdeal.se/deal/3678738
[2013-12-09 04:26:55] Received content from  http://letsdeal.se/deal/3678738
[2013-12-09 23:11:46] Trying to get data from http://letsdeal.se/mfeed.php
[2013-12-09 23:11:48] Received content from  http://letsdeal.se/mfeed.php
[2013-12-09 23:11:48] Successful XML parsing of the document from http://letsdeal.se/mfeed.php
[2013-12-09 23:41:51] Trying to get data from http://letsdeal.se/mfeed.php
[2013-12-09 23:41:51] Trying to get data from http://letsdeal.se/mfeed.php
[2013-12-09 23:41:52] Received content from  http://letsdeal.se/mfeed.php
[2013-12-09 23:41:52] Successful XML parsing of the document from http://letsdeal.se/mfeed.php
[2013-12-09 23:41:52] Received content from  http://letsdeal.se/mfeed.php
[2013-12-09 23:41:52] Successful XML parsing of the document from http://letsdeal.se/mfeed.php
[2013-12-10 00:01:54] Trying to get data from http://letsdeal.se/deal/6086673
[2013-12-10 00:01:54] Received content from  http://letsdeal.se/deal/6086673
[2013-12-10 00:07:49] Trying to get data from http://letsdeal.se/deal/5266941
[2013-12-10 00:07:50] Received content from  http://letsdeal.se/deal/5266941
[2013-12-10 00:08:34] Trying to get data from http://letsdeal.se/deal/1185577
[2013-12-10 00:08:34] Received content from  http://letsdeal.se/deal/1185577
[2013-12-10 00:09:14] Trying to get data from http://letsdeal.se/deal/3273732
[2013-12-10 00:09:15] Received content from  http://letsdeal.se/deal/3273732
[2013-12-10 00:09:20] Trying to get data from http://letsdeal.se/deal/7534517
[2013-12-10 00:09:20] Received content from  http://letsdeal.se/deal/7534517
[2013-12-10 00:14:28] Trying to get data from http://letsdeal.se/mfeed.php
[2013-12-10 00:14:30] Received content from  http://letsdeal.se/mfeed.php
[2013-12-10 00:14:30] Successful XML parsing of the document from http://letsdeal.se/mfeed.php
[2013-12-10 00:26:57] Trying to get data from http://letsdeal.se/deal/8908463
[2013-12-10 00:26:57] Received content from  http://letsdeal.se/deal/8908463
[2013-12-10 00:35:25] Trying to get data from http://letsdeal.se/deal/7131567
[2013-12-10 00:35:26] Received content from  http://letsdeal.se/deal/7131567
[2013-12-10 00:37:50] Trying to get data from http://letsdeal.se/deal/7060993
[2013-12-10 00:37:52] Received content from  http://letsdeal.se/deal/7060993
[2013-12-10 00:38:09] Trying to get data from http://letsdeal.se/deal/8128096
[2013-12-10 00:38:11] Received content from  http://letsdeal.se/deal/8128096
[2013-12-10 00:38:23] Trying to get data from http://letsdeal.se/deal/2979173
[2013-12-10 00:38:26] Received content from  http://letsdeal.se/deal/2979173
[2013-12-10 00:38:30] Trying to get data from http://letsdeal.se/deal/7086642
[2013-12-10 00:38:32] Received content from  http://letsdeal.se/deal/7086642
[2013-12-10 00:42:22] Trying to get data from http://letsdeal.se/deal/1596848
[2013-12-10 00:42:24] Received content from  http://letsdeal.se/deal/1596848
[2013-12-10 00:42:35] Trying to get data from http://letsdeal.se/deal/7117301
[2013-12-10 00:42:45] Trying to get data from http://letsdeal.se/deal/7117301
[2013-12-10 00:42:47] Received content from  http://letsdeal.se/deal/7117301
[2013-12-10 00:42:48] Received content from  http://letsdeal.se/deal/7117301
[2013-12-10 00:45:29] Trying to get data from http://letsdeal.se/mfeed.php
[2013-12-10 00:45:31] Received content from  http://letsdeal.se/mfeed.php
[2013-12-10 00:45:31] Successful XML parsing of the document from http://letsdeal.se/mfeed.php
[2013-12-10 00:51:13] Trying to get data from http://letsdeal.se/deal/1271241
[2013-12-10 00:51:14] Received content from  http://letsdeal.se/deal/1271241
[2013-12-10 00:51:54] Trying to get data from http://letsdeal.se/deal/8304596
[2013-12-10 00:51:56] Received content from  http://letsdeal.se/deal/8304596
[2013-12-10 01:02:19] Trying to get data from http://letsdeal.se/deal/4333543
[2013-12-10 01:02:23] Received content from  http://letsdeal.se/deal/4333543
[2013-12-10 01:11:35] Trying to get data from http://letsdeal.se/mfeed.php
[2013-12-10 01:11:37] Received content from  http://letsdeal.se/mfeed.php
[2013-12-10 01:11:37] Successful XML parsing of the document from http://letsdeal.se/mfeed.php
[2013-12-10 01:12:20] Trying to get data from http://letsdeal.se/mfeed.php
[2013-12-10 01:12:24] Received content from  http://letsdeal.se/mfeed.php
[2013-12-10 01:12:24] Successful XML parsing of the document from http://letsdeal.se/mfeed.php
[2013-12-10 01:13:52] Trying to get data from http://letsdeal.se/mfeed.php
[2013-12-10 01:13:59] Trying to get data from http://letsdeal.se/mfeed.php
[2013-12-10 01:14:00] Received content from  http://letsdeal.se/mfeed.php
[2013-12-10 01:14:00] Successful XML parsing of the document from http://letsdeal.se/mfeed.php
[2013-12-10 01:14:20] Trying to get data from http://letsdeal.se/mfeed.php
[2013-12-10 01:14:20] Received content from  http://letsdeal.se/mfeed.php
[2013-12-10 01:14:24] Received content from  http://letsdeal.se/mfeed.php
[2013-12-10 01:14:24] Successful XML parsing of the document from http://letsdeal.se/mfeed.php
[2013-12-10 01:15:48] Trying to get data from http://letsdeal.se/mfeed.php
[2013-12-10 01:15:58] Trying to get data from http://letsdeal.se/mfeed.php
[2013-12-10 01:16:00] Received content from  http://letsdeal.se/mfeed.php
[2013-12-10 01:16:00] Successful XML parsing of the document from http://letsdeal.se/mfeed.php
[2013-12-10 01:16:09] Received content from  http://letsdeal.se/mfeed.php
[2013-12-10 01:16:15] Trying to get data from http://letsdeal.se/mfeed.php
[2013-12-10 01:16:28] Trying to get data from http://letsdeal.se/mfeed.php
[2013-12-10 01:16:30] Received content from  http://letsdeal.se/mfeed.php
[2013-12-10 01:16:30] Successful XML parsing of the document from http://letsdeal.se/mfeed.php
[2013-12-10 01:16:36] Received content from  http://letsdeal.se/mfeed.php
[2013-12-10 01:18:56] Trying to get data from http://letsdeal.se/mfeed.php
[2013-12-10 01:18:58] Received content from  http://letsdeal.se/mfeed.php
[2013-12-10 01:18:58] Successful XML parsing of the document from http://letsdeal.se/mfeed.php
[2013-12-10 01:20:55] Trying to get data from http://letsdeal.se/mfeed.php
[2013-12-10 01:20:57] Received content from  http://letsdeal.se/mfeed.php
[2013-12-10 01:20:57] Successful XML parsing of the document from http://letsdeal.se/mfeed.php
[2013-12-10 01:23:10] Trying to get data from http://letsdeal.se/mfeed.php
[2013-12-10 01:23:12] Received content from  http://letsdeal.se/mfeed.php
[2013-12-10 01:23:12] Successful XML parsing of the document from http://letsdeal.se/mfeed.php
[2013-12-10 01:26:29] Trying to get data from http://letsdeal.se/mfeed.php
[2013-12-10 01:26:31] Received content from  http://letsdeal.se/mfeed.php
[2013-12-10 01:26:31] Successful XML parsing of the document from http://letsdeal.se/mfeed.php
[2013-12-10 01:27:01] ERROR: localhost:27017: invalid operator: $e
#0 C:\www\an-kor.github.io\letsdeal\controller.php(192): MongoCursor->rewind()
#1 C:\www\an-kor.github.io\letsdeal\controller.php(267): MobileController->getDeals('resor', 0, 20, 'expiration', 1)
#2 {main}
[2013-12-10 01:28:18] Trying to get data from http://letsdeal.se/mfeed.php
[2013-12-10 01:28:20] Received content from  http://letsdeal.se/mfeed.php
[2013-12-10 01:28:20] Successful XML parsing of the document from http://letsdeal.se/mfeed.php
[2013-12-10 01:28:48] Trying to get data from http://letsdeal.se/deal/1954384
[2013-12-10 01:28:54] Received content from  http://letsdeal.se/deal/1954384
[2013-12-10 01:32:14] Trying to get data from http://letsdeal.se/deal/9809290
[2013-12-10 01:32:15] Received content from  http://letsdeal.se/deal/9809290
[2013-12-10 01:32:24] Trying to get data from http://letsdeal.se/deal/9386553
[2013-12-10 01:32:25] Received content from  http://letsdeal.se/deal/9386553
[2013-12-10 02:24:27] Trying to get data from http://letsdeal.se/deal/3435874
[2013-12-10 02:24:28] Received content from  http://letsdeal.se/deal/3435874
[2013-12-10 02:26:32] Trying to get data from http://letsdeal.se/deal/6996465
[2013-12-10 02:26:33] Received content from  http://letsdeal.se/deal/6996465
[2013-12-10 02:27:05] Trying to get data from http://letsdeal.se/deal/6589666
[2013-12-10 02:27:07] Received content from  http://letsdeal.se/deal/6589666
[2013-12-10 02:33:36] Trying to get data from http://letsdeal.se/mfeed.php
[2013-12-10 02:33:37] Received content from  http://letsdeal.se/mfeed.php
[2013-12-10 02:33:37] Successful XML parsing of the document from http://letsdeal.se/mfeed.php
[2013-12-10 02:33:53] Trying to get data from http://letsdeal.se/deal/4079482
[2013-12-10 02:33:54] Received content from  http://letsdeal.se/deal/4079482
[2013-12-10 03:15:23] Trying to get data from http://letsdeal.se/deal/9719066
[2013-12-10 03:15:25] Received content from  http://letsdeal.se/deal/9719066
[2013-12-10 03:28:00] Trying to get data from http://letsdeal.se/deal/4838113
[2013-12-10 03:28:03] Received content from  http://letsdeal.se/deal/4838113
[2013-12-10 03:29:22] Trying to get data from http://letsdeal.se/deal/5789063
[2013-12-10 03:29:24] Received content from  http://letsdeal.se/deal/5789063
[2013-12-10 03:30:17] Trying to get data from http://letsdeal.se/deal/5847925
[2013-12-10 03:30:19] Received content from  http://letsdeal.se/deal/5847925
